[LOG] SystemI::init                            : FMOD Studio Version: 00010706 (71893)
[LOG] SystemI::init                            : maxchannels = 1024, flags = 00030000, extradriverdata = 0000000000000000
[LOG] SystemI::close                           : 
[LOG] SystemI::close                           : Stop all sounds
[LOG] SystemI::close                           : Remove miscllaneous DSP stuff.
[LOG] SystemI::close                           : done.

[LOG] OutputWASAPI::init                       : Mix Format (WAVEFORMATEX): wFormatTag=0xFFFE, nChannels=2, nSamplesPerSec=48000, nAvgBytesPerSec=384000, nBlockAlign=8, wBitsPerSample=32, cbSize=22.
[LOG] OutputWASAPI::init                       : Mix Format (WAVEFORMATEXTENSIBLE): wValidBitsPerSample=32, dwChannelMask=0x00000003, SubFormat=00000003-0000-0010-8000-00AA00389B71.
[LOG] Thread::initThread                       : Initializing FMOD (WASAPI) feeder thread.  priority 0
[LOG] Thread::initThread                       : - Stacksize 0.  Stack pointer 0000000000000000 : usesemaphore = 0 : sleeptime = 0
[LOG] Thread::callback                         : * FMOD (WASAPI) feeder thread started
[LOG] Thread::initThread                       : Initializing FMOD mixer thread.  priority 2
[LOG] OutputWASAPI::feederUpdate               : WASAPI feeder thread set to 'Audio' characteristic
[LOG] Thread::initThread                       : - Stacksize 49152.  Stack pointer 0000000000000000 : usesemaphore = 1 : sleeptime = 0
[LOG] Thread::callback                         : * FMOD mixer thread started
[LOG] SystemI::init                            : Set up emulated output
[LOG] SystemI::init                            : create the channel pool
[LOG] SystemI::init                            : Set up streamer
[LOG] Thread::initThread                       : Initializing FMOD stream thread.  priority 2
[LOG] Thread::initThread                       : - Stacksize 65536.  Stack pointer 0000000000000000 : usesemaphore = 0 : sleeptime = 10
[LOG] Thread::callback                         : * FMOD stream thread started
[LOG] Thread::initThread                       : Initializing FMOD Studio update thread.  priority 0
[LOG] Thread::initThread                       : - Stacksize 65536.  Stack pointer 0000000000000000 : usesemaphore = 0 : sleeptime = 1
[LOG] Thread::callback                         : * FMOD Studio update thread started
[LOG] LiveUpdate::init                         : 
[LOG] Thread::initThread                       : Initializing FMOD Studio load thread.  priority 0
[LOG] Thread::initThread                       : - Stacksize 65536.  Stack pointer 0000000000000000 : usesemaphore = 0 : sleeptime = 1
[LOG] Thread::callback                         : * FMOD Studio load thread started
[LOG] Profile::init                            : Profiler listening on port: 9264
[LOG] Manager::readBank                        : fileversion = 68, compatVersion = 68 (oldest = 44, newest = 68)
[LOG] Manager::readBank                        : fileversion = 68, compatVersion = 68 (oldest = 44, newest = 68)
[LOG] SystemI::createSound                     : filename = Assets/Resources/FMODBanks\Desktop/Master Bank.bank : mode 0a010202
[LOG] SystemI::createSound                     : FMOD_NONBLOCKING specified.  Putting into queue to be opened asynchronously!
[LOG] OutputSoftware::createSample             : lengthpcm 0, lengthbytes 0, channels 0, format 0, freq 0, mode 00000000
[LOG] Thread::initThread                       : Initializing FMOD nonblocking thread (0).  priority 1
[LOG] Thread::initThread                       : - Stacksize 81920.  Stack pointer 0000000000000000 : usesemaphore = 1 : sleeptime = 0
[LOG] Thread::callback                         : * FMOD nonblocking thread (0) started
[LOG] SystemI::createSound                     : setdata soundi = 000000002EFDF078 : node = 000000002EC2C800
[LOG] SystemI::createSound                     : add node to async list : head = 000000002EFD3690.  list count = 0
[LOG] AsyncThread::threadFunc                  : Starting Asynchronous operation on sound 000000002EFDF078
ank : mode 0a010202
[LOG] SystemI::createSoundInternal             :     filename = Assets/Resources/FMODBanks\Desktop/Master Bank.bank : mode 0a010202
[LOG] SystemI::createSoundInternal             :     exinfo->cbsize             = 216
[LOG] OutputSoftware::createSample             :     lengthpcm 0, lengthbytes 0, channels 0, format 0, freq 0, mode 00000000
[LOG] SystemI::createSoundInternal             :     exinfo->length             = 3753408
[LOG] SystemI::createSound                     :     setdata soundi = 000000002EFDF9D8 : node = 000000002EC2C580
[LOG] SystemI::createSoundInternal             :     exinfo->fileoffset         = 60096
[LOG] SystemI::createSound                     :     add node to async list : head = 000000002EFD3690.  list count = 0
[LOG] SystemI::createSoundInternal             :     exinfo->numsubsounds       = 1
[LOG] SystemI::createSound                     :     filename = Assets/Resources/FMODBanks\Desktop/Master Bank.bank : mode 0a010202
[LOG] SystemI::createSoundInternal             :     exinfo->inclusionlist      = 000000002EC2C908
[LOG] SystemI::createSound                     :     FMOD_NONBLOCKING specified.  Putting into queue to be opened asynchronously!
[LOG] OutputSoftware::createSample             :     lengthpcm 0, lengthbytes 0, channels 0, format 0, freq 0, mode 00000000
[LOG] SystemI::createSound                     :     setdata soundi = 000000002EFDF208 : node = 000000002EA6CE40
[LOG] SystemI::createSound                     :     add node to async list : head = 000000002EFD3690.  list count = 1
[LOG] SystemI::createSound                     :     filename = Assets/Resources/FMODBanks\Desktop/Master Bank.bank : mode 0a010202
[LOG] SystemI::createSound                     :     FMOD_NONBLOCKING specified.  Putting into queue to be opened asynchronously!
[LOG] OutputSoftware::createSample             :     lengthpcm 0, lengthbytes 0, channels 0, format 0, freq 0, mode 00000000
[LOG] SystemI::createSound                     :     setdata soundi = 000000002EFDFCF8 : node = 000000002EA6CF80
[LOG] SystemI::createSound                     :     add node to async list : head = 000000002EFD3690.  list count = 2
[LOG] SystemI::createSound                     :     filename = Assets/Resources/FMODBanks\Desktop/Master Bank.bank : mode 0a010202
[LOG] SystemI::createSound                     :     FMOD_NONBLOCKING specified.  Putting into queue to be opened asynchronously!
[LOG] OutputSoftware::createSample             :     lengthpcm 0, lengthbytes 0, channels 0, format 0, freq 0, mode 00000000
[LOG] SystemI::createSoundInternal             :     Format has 1 subsounds.
[LOG] SystemI::createSound                     :     setdata soundi = 000000002EFDF528 : node = 000000002EA6DC00
[LOG] SystemI::createSoundInternal             :     Create as FMOD_CREATESAMPLE
[LOG] SystemI::createSound                     :     add node to async list : head = 000000002EFD3690.  list count = 3
[LOG] SystemI::createSoundInternal             :     Multi-sample sound (1 subsounds), create a sample container.
[LOG] SystemI::createSound                     :     filename = Assets/Resources/FMODBanks\Desktop/Master Bank.bank : mode 0a010202
[LOG] SystemI::createSoundInternal             :     creating subsound 0/1
[LOG] SystemI::createSound                     :     FMOD_NONBLOCKING specified.  Putting into queue to be opened asynchronously!
[LOG] SystemI::createSample                    :     mode 0a010202 length 576000 samples, lengthbytes 135808
[LOG] OutputSoftware::createSample             :     lengthpcm 0, lengthbytes 0, channels 0, format 0, freq 0, mode 00000000
[LOG] SystemI::createSample                    :     channels = 2
[LOG] SystemI::createSound                     :     setdata soundi = 000000002EFDF6B8 : node = 000000002EA6D980
[LOG] SystemI::createSample                    :     output = 000000002EFDEEE8
[LOG] SystemI::createSound                     :     add node to async list : head = 000000002EFD3690.  list count = 4
[LOG] OutputSoftware::createSample             :     lengthpcm 576000, lengthbytes 135808, channels 2, format 2, freq 48000, mode 0a01020a
[LOG] SystemI::createSound                     :     filename = Assets/Resources/FMODBanks\Desktop/Master Bank.bank : mode 0a010202
[LOG] SystemI::createSound                     :     FMOD_NONBLOCKING specified.  Putting into queue to be opened asynchronously!
[LOG] SystemI::createSoundInternal             :     done.  OpenState now = FMOD_OPENSTATE_READY.

[LOG] OutputSoftware::createSample             :     lengthpcm 0, lengthbytes 0, channels 0, format 0, freq 0, mode 00000000
[LOG] AsyncThread::threadFunc                  : Finished Asynchronous operation on sound 000000002EFDF078
[LOG] SystemI::createSound                     : setdata soundi = 000000002EFDFB68 : node = 000000002EA6C6C0
[LOG] AsyncThread::threadFunc                  : Starting Asynchronous operation on sound 000000002EFDF9D8
[LOG] SystemI::createSound                     : add node to async list : head = 000000002EFD3690.  list count = 4
[LOG] SystemI::createSoundInternal             :     filename = Assets/Resources/FMODBanks\Desktop/Master Bank.bank : mode 0a010202
[LOG] SystemI::createSound                     :     filename = Assets/Resources/FMODBanks\Desktop/Master Bank.bank : mode 0a010202
[LOG] SystemI::createSoundInternal             :     exinfo->cbsize             = 216
[LOG] SystemI::createSound                     :     FMOD_NONBLOCKING specified.  Putting into queue to be opened asynchronously!
[LOG] SystemI::createSoundInternal             :     exinfo->length             = 3753408
[LOG] OutputSoftware::createSample             :     lengthpcm 0, lengthbytes 0, channels 0, format 0, freq 0, mode 00000000
[LOG] SystemI::createSoundInternal             :     exinfo->fileoffset         = 60096
node = 000000002EA6C940
[LOG] SystemI::createSound                     :     add node to async list : head = 000000002EFD3690.  list count = 5
[LOG] SystemI::createSoundInternal             :     exinfo->numsubsounds       = 1
[LOG] SystemI::createSoundInternal             :     exinfo->inclusionlist      = 000000002EC2C688
[LOG] SystemI::createSound                     :     filename = Assets/Resources/FMODBanks\Desktop/Master Bank.bank : mode 0a010202
[LOG] SystemI::createSoundInternal             :     exinfo->inclusionlistnum   = 1
[LOG] SystemI::createSound                     :     FMOD_NONBLOCKING specified.  Putting into queue to be opened asynchronously!
[LOG] SystemI::createSoundInternal             :     exinfo->suggestedsoundtype = 5
[LOG] OutputSoftware::createSample             :     lengthpcm 0, lengthbytes 0, channels 0, format 0, freq 0, mode 00000000
[LOG] SystemI::createSoundInternal             :     exinfo->initialseekpostype = 1
[LOG] SystemI::createSound                     :     setdata soundi = 000000002EAA1D58 : node = 000000002EA6C080
[LOG] SystemI::createSound                     :     add node to async list : head = 000000002EFD3690.  list count = 6
[LOG] SystemI::createSoundInternal             :     Format has 1 subsounds.
[LOG] SystemI::createSound                     :     filename = Assets/Resources/FMODBanks\Desktop/Master Bank.bank : mode 0a010202
[LOG] SystemI::createSoundInternal             :     Create as FMOD_CREATESAMPLE
[LOG] SystemI::createSound                     :     FMOD_NONBLOCKING specified.  Putting into queue to be opened asynchronously!
[LOG] SystemI::createSoundInternal             :     Multi-sample sound (1 subsounds), create a sample container.
[LOG] OutputSoftware::createSample             :     lengthpcm 0, lengthbytes 0, channels 0, format 0, freq 0, mode 00000000
[LOG] SystemI::createSoundInternal             :     creating subsound 0/1
[LOG] SystemI::createSound                     :     setdata soundi = 000000002EAA13F8 : node = 000000002EA6CA80
[LOG] SystemI::createSample                    :     mode 0a010202 length 552000 samples, lengthbytes 108768
[LOG] SystemI::createSound                     :     add node to async list : head = 000000002EFD3690.  list count = 7
[LOG] SystemI::createSample                    :     channels = 2
[LOG] SystemI::createSound                     :     filename = Assets/Resources/FMODBanks\Desktop/Master Bank.bank : mode 0a010202
[LOG] SystemI::createSample                    :     output = 000000002EFDEEE8
[LOG] SystemI::createSound                     :     FMOD_NONBLOCKING specified.  Putting into queue to be opened asynchronously!
[LOG] OutputSoftware::createSample             :     lengthpcm 552000, lengthbytes 108768, channels 2, format 2, freq 48000, mode 0a01020a
[LOG] OutputSoftware::createSample             :     lengthpcm 0, lengthbytes 0, channels 0, format 0, freq 0, mode 00000000
[LOG] SystemI::createSoundInternal             :     done.  OpenState now = FMOD_OPENSTATE_READY.

[LOG] SystemI::createSound                     :     setdata soundi = 000000002EAA0A98 : node = 000000002EA6C1C0
[LOG] AsyncThread::threadFunc                  : Finished Asynchronous operation on sound 000000002EFDF9D8
[LOG] SystemI::createSound                     : add node to async list : head = 000000002EFD3690.  list count = 8
[LOG] AsyncThread::threadFunc                  : Starting Asynchronous operation on sound 000000002EFDF208
[LOG] SystemI::createSoundInternal             :     filename = Assets/Resources/FMODBanks\Desktop/Master Bank.bank : mode 0a010202
[LOG] SystemI::createSoundInternal             :     exinfo->cbsize             = 216
[LOG] SystemI::createSoundInternal             :     exinfo->length             = 3753408
[LOG] SystemI::createSound                     :     filename = Assets/Resources/FMODBanks\Desktop/Master Bank.bank : mode 0a010202
[LOG] SystemI::createSoundInternal             :     exinfo->fileoffset         = 60096
[LOG] SystemI::createSound                     :     FMOD_NONBLOCKING specified.  Putting into queue to be opened asynchronously!
[LOG] OutputSoftware::createSample             :     lengthpcm 0, lengthbytes 0, channels 0, format 0, freq 0, mode 00000000
[LOG] SystemI::createSound                     :     setdata soundi = 000000002EAA0DB8 : node = 000000002EA6D0C0
[LOG] SystemI::createSound                     :     add node to async list : head = 000000002EFD3690.  list count = 8
[LOG] SystemI::createSoundInternal             :     exinfo->initialseekpostype = 1
[LOG] SystemI::createSound                     :     filename = Assets/Resources/FMODBanks\Desktop/Master Bank.bank : mode 0a010202
[LOG] SystemI::createSound                     :     FMOD_NONBLOCKING specified.  Putting into queue to be opened asynchronously!
[LOG] OutputSoftware::createSample             :     lengthpcm 0, lengthbytes 0, channels 0, format 0, freq 0, mode 00000000
[LOG] SystemI::createSoundInternal             :     Format has 1 subsounds.
[LOG] SystemI::createSound                     :     setdata soundi = 000000002EAA0778 : node = 000000002EA6D200
[LOG] SystemI::createSoundInternal             :     Create as FMOD_CREATESAMPLE
[LOG] SystemI::createSound                     :     add node to async list : head = 000000002EFD3690.  list count = 9
[LOG] SystemI::createSoundInternal             :     Multi-sample sound (1 subsounds), create a sample container.
[LOG] SystemI::createSound                     :     filename = Assets/Resources/FMODBanks\Desktop/Master Bank.bank : mode 0a010202
[LOG] SystemI::createSoundInternal             :     creating subsound 0/1
ied.  Putting into queue to be opened asynchronously!
[LOG] SystemI::createSample                    :     mode 0a010202 length 576000 samples, lengthbytes 141600
 mode 00000000
[LOG] SystemI::createSample                    :     channels = 2
[LOG] SystemI::createSound                     :     setdata soundi = 000000002EAA10D8 : node = 000000002EA6D340
[LOG] SystemI::createSample                    :     output = 000000002EFDEEE8
[LOG] SystemI::createSound                     :     add node to async list : head = 000000002EFD3690.  list count = 10
[LOG] OutputSoftware::createSample             :     lengthpcm 576000, lengthbytes 141600, channels 2, format 2, freq 48000, mode 0a01020a
[LOG] SystemI::createSound                     :     filename = Assets/Resources/FMODBanks\Desktop/Master Bank.bank : mode 0a010202
[LOG] SystemI::createSound                     :     FMOD_NONBLOCKING specified.  Putting into queue to be opened asynchronously!
[LOG] OutputSoftware::createSample             :     lengthpcm 0, lengthbytes 0, channels 0, format 0, freq 0, mode 00000000
[LOG] SystemI::createSound                     : setdata soundi = 000000002EAA0F48 : node = 000000002EA6D480
[LOG] SystemI::createSound                     : add node to async list : head = 000000002EFD3690.  list count = 10
[LOG] AsyncThread::threadFunc                  : Starting Asynchronous operation on sound 000000002EFDFCF8
[LOG] SystemI::createSoundInternal             :     filename = Assets/Resources/FMODBanks\Desktop/Master Bank.bank : mode 0a010202
[LOG] SystemI::createSoundInternal             :     exinfo->cbsize             = 216
[LOG] SystemI::createSound                     :     filename = Assets/Resources/FMODBanks\Desktop/Master Bank.bank : mode 0a010202
[LOG] SystemI::createSoundInternal             :     exinfo->fileoffset         = 60096
[LOG] SystemI::createSound                     :     FMOD_NONBLOCKING specified.  Putting into queue to be opened asynchronously!
[LOG] SystemI::createSoundInternal             :     exinfo->numsubsounds       = 1
nels 0, format 0, freq 0, mode 00000000
[LOG] SystemI::createSoundInternal             :     exinfo->inclusionlist      = 000000002EA6D088
00002EA6D700
[LOG] SystemI::createSound                     :     add node to async list : head = 000000002EFD3690.  list count = 11
[LOG] SystemI::createSoundInternal             :     exinfo->suggestedsoundtype = 5
[LOG] SystemI::createSound                     :     filename = Assets/Resources/FMODBanks\Desktop/Master Bank.bank : mode 0a010202
[LOG] SystemI::createSoundInternal             :     exinfo->initialseekpostype = 1
ting into queue to be opened asynchronously!
[LOG] OutputSoftware::createSample             :     lengthpcm 0, lengthbytes 0, channels 0, format 0, freq 0, mode 00000000
[LOG] SystemI::createSound                     :     setdata soundi = 000000002EAA1BC8 : node = 000000002EA6D5C0
[LOG] SystemI::createSoundInternal             :     Format has 1 subsounds.
[LOG] SystemI::createSound                     :     add node to async list : head = 000000002EFD3690.  list count = 12
[LOG] SystemI::createSoundInternal             :     Create as FMOD_CREATESAMPLE
[LOG] SystemI::createSoundInternal             :     Multi-sample sound (1 subsounds), create a sample container.
[LOG] SystemI::createSoundInternal             :     creating subsound 0/1
[LOG] SystemI::createSample                    :     mode 0a010202 length 34482 samples, lengthbytes 7840
[LOG] SystemI::createSample                    :     channels = 2
[LOG] SystemI::createSample                    :     output = 000000002EFDEEE8
[LOG] OutputSoftware::createSample             :     lengthpcm 34482, lengthbytes 7840, channels 2, format 2, freq 48000, mode 0a01020a
[LOG] SystemI::createSoundInternal             :     done.  OpenState now = FMOD_OPENSTATE_READY.

[LOG] AsyncThread::threadFunc                  : Finished Asynchronous operation on sound 000000002EFDFCF8
[LOG] AsyncThread::threadFunc                  : Starting Asynchronous operation on sound 000000002EFDF528
[LOG] SystemI::createSoundInternal             :     filename = Assets/Resources/FMODBanks\Desktop/Master Bank.bank : mode 0a010202
[LOG] SystemI::createSoundInternal             :     exinfo->cbsize             = 216
[LOG] SystemI::createSoundInternal             :     exinfo->length             = 3753408
[LOG] SystemI::createSoundInternal             :     exinfo->fileoffset         = 60096
[LOG] SystemI::createSoundInternal             :     exinfo->numsubsounds       = 1
[LOG] SystemI::createSoundInternal             :     exinfo->inclusionlist      = 000000002EA6DD08
[LOG] SystemI::createSoundInternal             :     exinfo->inclusionlistnum   = 1
[LOG] SystemI::createSoundInternal             :     exinfo->suggestedsoundtype = 5
[LOG] SystemI::createSoundInternal             :     exinfo->initialseekpostype = 1
[LOG] SystemI::createSoundInternal             :     Format has 1 subsounds.
[LOG] SystemI::createSoundInternal             :     Create as FMOD_CREATESAMPLE
[LOG] SystemI::createSoundInternal             :     Multi-sample sound (1 subsounds), create a sample container.
[LOG] SystemI::createSoundInternal             :     creating subsound 0/1
[LOG] SystemI::createSample                    :     mode 0a010202 length 504000 samples, lengthbytes 130592
[LOG] SystemI::createSample                    :     channels = 2
[LOG] SystemI::createSample                    :     output = 000000002EFDEEE8
[LOG] OutputSoftware::createSample             :     lengthpcm 504000, lengthbytes 130592, channels 2, format 2, freq 48000, mode 0a01020a
[LOG] SystemI::createSoundInternal             :     done.  OpenState now = FMOD_OPENSTATE_READY.

[LOG] AsyncThread::threadFunc                  : Finished Asynchronous operation on sound 000000002EFDF528
[LOG] AsyncThread::threadFunc                  : Starting Asynchronous operation on sound 000000002EFDF6B8
[LOG] SystemI::createSoundInternal             :     filename = Assets/Resources/FMODBanks\Desktop/Master Bank.bank : mode 0a010202
[LOG] SystemI::createSoundInternal             :     exinfo->cbsize             = 216
[LOG] SystemI::createSoundInternal             :     exinfo->length             = 3753408
[LOG] SystemI::createSoundInternal             :     exinfo->fileoffset         = 60096
[LOG] SystemI::createSoundInternal             :     exinfo->numsubsounds       = 1
[LOG] SystemI::createSoundInternal             :     exinfo->inclusionlist      = 000000002EA6DA88
[LOG] SystemI::createSoundInternal             :     exinfo->inclusionlistnum   = 1
[LOG] SystemI::createSoundInternal             :     exinfo->suggestedsoundtype = 5
[LOG] SystemI::createSoundInternal             :     exinfo->initialseekpostype = 1
[LOG] SystemI::createSoundInternal             :     Format has 1 subsounds.
[LOG] SystemI::createSoundInternal             :     Create as FMOD_CREATESAMPLE
[LOG] SystemI::createSoundInternal             :     Multi-sample sound (1 subsounds), create a sample container.
[LOG] SystemI::createSoundInternal             :     creating subsound 0/1
[LOG] SystemI::createSample                    :     mode 0a010202 length 504000 samples, lengthbytes 124160
[LOG] SystemI::createSample                    :     channels = 2
[LOG] SystemI::createSample                    :     output = 000000002EFDEEE8
[LOG] OutputSoftware::createSample             :     lengthpcm 504000, lengthbytes 124160, channels 2, format 2, freq 48000, mode 0a01020a
[LOG] SystemI::createSoundInternal             :     done.  OpenState now = FMOD_OPENSTATE_READY.

[LOG] AsyncThread::threadFunc                  : Finished Asynchronous operation on sound 000000002EFDF6B8
[LOG] AsyncThread::threadFunc                  : Starting Asynchronous operation on sound 000000002EFDFB68
[LOG] SystemI::createSoundInternal             :     filename = Assets/Resources/FMODBanks\Desktop/Master Bank.bank : mode 0a010202
[LOG] SystemI::createSoundInternal             :     exinfo->cbsize             = 216
[LOG] SystemI::createSoundInternal             :     exinfo->length             = 3753408
[LOG] SystemI::createSoundInternal             :     exinfo->fileoffset         = 60096
[LOG] SystemI::createSoundInternal             :     exinfo->numsubsounds       = 1
[LOG] SystemI::createSoundInternal             :     exinfo->inclusionlist      = 000000002EA6C7C8
[LOG] SystemI::createSoundInternal             :     exinfo->inclusionlistnum   = 1
[LOG] SystemI::createSoundInternal             :     exinfo->suggestedsoundtype = 5
[LOG] SystemI::createSoundInternal             :     exinfo->initialseekpostype = 1
[LOG] SystemI::createSoundInternal             :     Format has 1 subsounds.
[LOG] SystemI::createSoundInternal             :     Create as FMOD_CREATESAMPLE
[LOG] SystemI::createSoundInternal             :     Multi-sample sound (1 subsounds), create a sample container.
[LOG] SystemI::createSoundInternal             :     creating subsound 0/1
[LOG] SystemI::createSample                    :     mode 0a010202 length 576000 samples, lengthbytes 120928
[LOG] SystemI::createSample                    :     channels = 2
[LOG] SystemI::createSample                    :     output = 000000002EFDEEE8
[LOG] OutputSoftware::createSample             :     lengthpcm 576000, lengthbytes 120928, channels 2, format 2, freq 48000, mode 0a01020a
[LOG] SystemI::createSoundInternal             :     done.  OpenState now = FMOD_OPENSTATE_READY.

[LOG] AsyncThread::threadFunc                  : Finished Asynchronous operation on sound 000000002EFDFB68
[LOG] AsyncThread::threadFunc                  : Starting Asynchronous operation on sound 000000002EAA1A38
[LOG] SystemI::createSoundInternal             :     filename = Assets/Resources/FMODBanks\Desktop/Master Bank.bank : mode 0a010202
[LOG] SystemI::createSoundInternal             :     exinfo->cbsize             = 216
[LOG] SystemI::createSoundInternal             :     exinfo->length             = 3753408
[LOG] SystemI::createSoundInternal             :     exinfo->fileoffset         = 60096
[LOG] SystemI::createSoundInternal             :     exinfo->numsubsounds       = 1
[LOG] SystemI::createSoundInternal             :     exinfo->inclusionlist      = 000000002EA6CA48
[LOG] SystemI::createSoundInternal             :     exinfo->inclusionlistnum   = 1
[LOG] SystemI::createSoundInternal             :     exinfo->suggestedsoundtype = 5
[LOG] SystemI::createSoundInternal             :     exinfo->initialseekpostype = 1
[LOG] SystemI::createSoundInternal             :     Format has 1 subsounds.
[LOG] SystemI::createSoundInternal             :     Create as FMOD_CREATESAMPLE
[LOG] SystemI::createSoundInternal             :     Multi-sample sound (1 subsounds), create a sample container.
[LOG] SystemI::createSoundInternal             :     creating subsound 0/1
[LOG] SystemI::createSample                    :     mode 0a010202 length 34482 samples, lengthbytes 7872
[LOG] SystemI::createSample                    :     channels = 2
[LOG] SystemI::createSample                    :     output = 000000002EFDEEE8
[LOG] OutputSoftware::createSample             :     lengthpcm 34482, lengthbytes 7872, channels 2, format 2, freq 48000, mode 0a01020a
[WRN] SoundSourceInstrumentInstance::startChannelIfReady :     Loading delay exceeded, sound may play at incorrect time
[LOG] SystemI::createSoundInternal             :     done.  OpenState now = FMOD_OPENSTATE_READY.

[LOG] AsyncThread::threadFunc                  : Finished Asynchronous operation on sound 000000002EAA1A38
[LOG] AsyncThread::threadFunc                  : Starting Asynchronous operation on sound 000000002EAA1D58
[LOG] SystemI::createSoundInternal             :     filename = Assets/Resources/FMODBanks\Desktop/Master Bank.bank : mode 0a010202
[LOG] SystemI::createSoundInternal             :     exinfo->cbsize             = 216
[LOG] SystemI::createSoundInternal             :     exinfo->length             = 3753408
[LOG] SystemI::createSoundInternal             :     exinfo->fileoffset         = 60096
[LOG] SystemI::createSoundInternal             :     exinfo->numsubsounds       = 1
[LOG] SystemI::createSoundInternal             :     exinfo->inclusionlist      = 000000002EA6C188
[LOG] SystemI::createSoundInternal             :     exinfo->inclusionlistnum   = 1
[LOG] SystemI::createSoundInternal             :     exinfo->suggestedsoundtype = 5
[LOG] SystemI::createSoundInternal             :     exinfo->initialseekpostype = 1
[LOG] SystemI::createSoundInternal             :     Format has 1 subsounds.
[LOG] SystemI::createSoundInternal             :     Create as FMOD_CREATESAMPLE
[LOG] SystemI::createSoundInternal             :     Multi-sample sound (1 subsounds), create a sample container.
[LOG] SystemI::createSoundInternal             :     creating subsound 0/1
[LOG] SystemI::createSample                    :     mode 0a010202 length 576000 samples, lengthbytes 140224
[LOG] SystemI::createSample                    :     channels = 2
[LOG] SystemI::createSample                    :     output = 000000002EFDEEE8
[LOG] OutputSoftware::createSample             :     lengthpcm 576000, lengthbytes 140224, channels 2, format 2, freq 48000, mode 0a01020a
[LOG] SystemI::createSoundInternal             :     done.  OpenState now = FMOD_OPENSTATE_READY.

[LOG] AsyncThread::threadFunc                  : Finished Asynchronous operation on sound 000000002EAA1D58
[LOG] AsyncThread::threadFunc                  : Starting Asynchronous operation on sound 000000002EAA13F8
[LOG] SystemI::createSoundInternal             :     filename = Assets/Resources/FMODBanks\Desktop/Master Bank.bank : mode 0a010202
[LOG] SystemI::createSoundInternal             :     exinfo->cbsize             = 216
[LOG] SystemI::createSoundInternal             :     exinfo->length             = 3753408
[LOG] SystemI::createSoundInternal             :     exinfo->fileoffset         = 60096
[LOG] SystemI::createSoundInternal             :     exinfo->numsubsounds       = 1
[LOG] SystemI::createSoundInternal             :     exinfo->inclusionlist      = 000000002EA6CB88
[LOG] SystemI::createSoundInternal             :     exinfo->inclusionlistnum   = 1
[LOG] SystemI::createSoundInternal             :     exinfo->suggestedsoundtype = 5
[LOG] SystemI::createSoundInternal             :     exinfo->initialseekpostype = 1
[LOG] SystemI::createSoundInternal             :     Format has 1 subsounds.
[LOG] SystemI::createSoundInternal             :     Create as FMOD_CREATESAMPLE
[LOG] SystemI::createSoundInternal             :     Multi-sample sound (1 subsounds), create a sample container.
[LOG] SystemI::createSoundInternal             :     creating subsound 0/1
[LOG] SystemI::createSample                    :     mode 0a010202 length 158779 samples, lengthbytes 39776
[LOG] SystemI::createSample                    :     channels = 2
[LOG] SystemI::createSample                    :     output = 000000002EFDEEE8
[LOG] OutputSoftware::createSample             :     lengthpcm 158779, lengthbytes 39776, channels 2, format 2, freq 48000, mode 0a01020a
[LOG] SystemI::createSoundInternal             :     done.  OpenState now = FMOD_OPENSTATE_READY.

[LOG] AsyncThread::threadFunc                  : Finished Asynchronous operation on sound 000000002EAA13F8
[LOG] AsyncThread::threadFunc                  : Starting Asynchronous operation on sound 000000002EAA0A98
[LOG] SystemI::createSoundInternal             :     filename = Assets/Resources/FMODBanks\Desktop/Master Bank.bank : mode 0a010202
[LOG] SystemI::createSoundInternal             :     exinfo->cbsize             = 216
[LOG] SystemI::createSoundInternal             :     exinfo->length             = 3753408
[LOG] SystemI::createSoundInternal             :     exinfo->fileoffset         = 60096
[LOG] SystemI::createSoundInternal             :     exinfo->numsubsounds       = 1
[LOG] SystemI::createSoundInternal             :     exinfo->inclusionlist      = 000000002EA6C2C8
[LOG] SystemI::createSoundInternal             :     exinfo->inclusionlistnum   = 1
[LOG] SystemI::createSoundInternal             :     exinfo->suggestedsoundtype = 5
[LOG] SystemI::createSoundInternal             :     exinfo->initialseekpostype = 1
[LOG] SystemI::createSoundInternal             :     Format has 1 subsounds.
[LOG] SystemI::createSoundInternal             :     Create as FMOD_CREATESAMPLE
[LOG] SystemI::createSoundInternal             :     Multi-sample sound (1 subsounds), create a sample container.
[LOG] SystemI::createSoundInternal             :     creating subsound 0/1
[LOG] SystemI::createSample                    :     mode 0a010202 length 34482 samples, lengthbytes 7936
[LOG] SystemI::createSample                    :     channels = 2
[LOG] SystemI::createSample                    :     output = 000000002EFDEEE8
[LOG] OutputSoftware::createSample             :     lengthpcm 34482, lengthbytes 7936, channels 2, format 2, freq 48000, mode 0a01020a
[LOG] SystemI::createSoundInternal             :     done.  OpenState now = FMOD_OPENSTATE_READY.

[LOG] AsyncThread::threadFunc                  : Finished Asynchronous operation on sound 000000002EAA0A98
[LOG] AsyncThread::threadFunc                  : Starting Asynchronous operation on sound 000000002EAA0DB8
[LOG] SystemI::createSoundInternal             :     filename = Assets/Resources/FMODBanks\Desktop/Master Bank.bank : mode 0a010202
[LOG] SystemI::createSoundInternal             :     exinfo->cbsize             = 216
[LOG] SystemI::createSoundInternal             :     exinfo->length             = 3753408
[LOG] SystemI::createSoundInternal             :     exinfo->fileoffset         = 60096
[LOG] SystemI::createSoundInternal             :     exinfo->numsubsounds       = 1
[LOG] SystemI::createSoundInternal             :     exinfo->inclusionlist      = 000000002EA6D1C8
[LOG] SystemI::createSoundInternal             :     exinfo->inclusionlistnum   = 1
[LOG] SystemI::createSoundInternal             :     exinfo->suggestedsoundtype = 5
[LOG] SystemI::createSoundInternal             :     exinfo->initialseekpostype = 1
[LOG] SystemI::createSoundInternal             :     Format has 1 subsounds.
[LOG] SystemI::createSoundInternal             :     Create as FMOD_CREATESAMPLE
[LOG] SystemI::createSoundInternal             :     Multi-sample sound (1 subsounds), create a sample container.
[LOG] SystemI::createSoundInternal             :     creating subsound 0/1
[LOG] SystemI::createSample                    :     mode 0a010202 length 480000 samples, lengthbytes 106720
[LOG] SystemI::createSample                    :     channels = 2
[LOG] SystemI::createSample                    :     output = 000000002EFDEEE8
[LOG] OutputSoftware::createSample             :     lengthpcm 480000, lengthbytes 106720, channels 2, format 2, freq 48000, mode 0a01020a
[LOG] SystemI::createSoundInternal             :     done.  OpenState now = FMOD_OPENSTATE_READY.

[LOG] AsyncThread::threadFunc                  : Finished Asynchronous operation on sound 000000002EAA0DB8
[LOG] AsyncThread::threadFunc                  : Starting Asynchronous operation on sound 000000002EAA0778
[LOG] SystemI::createSoundInternal             :     filename = Assets/Resources/FMODBanks\Desktop/Master Bank.bank : mode 0a010202
[LOG] SystemI::createSoundInternal             :     exinfo->cbsize             = 216
[LOG] SystemI::createSoundInternal             :     exinfo->length             = 3753408
[LOG] SystemI::createSoundInternal             :     exinfo->fileoffset         = 60096
[LOG] SystemI::createSoundInternal             :     exinfo->numsubsounds       = 1
[WRN] SoundSourceInstrumentInstance::startChannelIfReady :     Loading delay exceeded, sound may play at incorrect time
[LOG] SystemI::createSoundInternal             :     exinfo->inclusionlist      = 000000002EA6D308
[LOG] SystemI::createSoundInternal             :     exinfo->inclusionlistnum   = 1
[WRN] SoundSourceInstrumentInstance::startChannelIfReady :     Loading delay exceeded, sound may play at incorrect time
[LOG] SystemI::createSoundInternal             :     exinfo->suggestedsoundtype = 5
[LOG] SystemI::createSoundInternal             :     exinfo->initialseekpostype = 1
[LOG] SystemI::createSoundInternal             :     Format has 1 subsounds.
[LOG] SystemI::createSoundInternal             :     Create as FMOD_CREATESAMPLE
[LOG] SystemI::createSoundInternal             :     Multi-sample sound (1 subsounds), create a sample container.
[LOG] SystemI::createSoundInternal             :     creating subsound 0/1
[LOG] SystemI::createSample                    :     mode 0a010202 length 480000 samples, lengthbytes 106496
[LOG] SystemI::createSample                    :     channels = 2
[LOG] SystemI::createSample                    :     output = 000000002EFDEEE8
[LOG] OutputSoftware::createSample             :     lengthpcm 480000, lengthbytes 106496, channels 2, format 2, freq 48000, mode 0a01020a
[LOG] SystemI::createSoundInternal             :     done.  OpenState now = FMOD_OPENSTATE_READY.

[LOG] AsyncThread::threadFunc                  : Finished Asynchronous operation on sound 000000002EAA0778
[LOG] AsyncThread::threadFunc                  : Starting Asynchronous operation on sound 000000002EAA10D8
[LOG] SystemI::createSoundInternal             :     filename = Assets/Resources/FMODBanks\Desktop/Master Bank.bank : mode 0a010202
[LOG] SystemI::createSoundInternal             :     exinfo->cbsize             = 216
[LOG] SystemI::createSoundInternal             :     exinfo->length             = 3753408
[LOG] SystemI::createSoundInternal             :     exinfo->fileoffset         = 60096
[LOG] SystemI::createSoundInternal             :     exinfo->numsubsounds       = 1
[LOG] SystemI::createSoundInternal             :     exinfo->inclusionlist      = 000000002EA6D448
[LOG] SystemI::createSoundInternal             :     exinfo->inclusionlistnum   = 1
[LOG] SystemI::createSoundInternal             :     exinfo->suggestedsoundtype = 5
[LOG] SystemI::createSoundInternal             :     exinfo->initialseekpostype = 1
[LOG] SystemI::createSoundInternal             :     Format has 1 subsounds.
[LOG] SystemI::createSoundInternal             :     Create as FMOD_CREATESAMPLE
[LOG] SystemI::createSoundInternal             :     Multi-sample sound (1 subsounds), create a sample container.
[LOG] SystemI::createSoundInternal             :     creating subsound 0/1
[LOG] SystemI::createSample                    :     mode 0a010202 length 564470 samples, lengthbytes 142592
[LOG] SystemI::createSample                    :     channels = 2
[LOG] SystemI::createSample                    :     output = 000000002EFDEEE8
[LOG] OutputSoftware::createSample             :     lengthpcm 564470, lengthbytes 142592, channels 2, format 2, freq 48000, mode 0a01020a
[LOG] SystemI::createSoundInternal             :     done.  OpenState now = FMOD_OPENSTATE_READY.

[LOG] AsyncThread::threadFunc                  : Finished Asynchronous operation on sound 000000002EAA10D8
[LOG] AsyncThread::threadFunc                  : Starting Asynchronous operation on sound 000000002EAA0F48
[LOG] SystemI::createSoundInternal             :     filename = Assets/Resources/FMODBanks\Desktop/Master Bank.bank : mode 0a010202
[LOG] SystemI::createSoundInternal             :     exinfo->cbsize             = 216
[LOG] SystemI::createSoundInternal             :     exinfo->length             = 3753408
[LOG] SystemI::createSoundInternal             :     exinfo->fileoffset         = 60096
[LOG] SystemI::createSoundInternal             :     exinfo->numsubsounds       = 1
[LOG] SystemI::createSoundInternal             :     exinfo->inclusionlist      = 000000002EA6D588
[LOG] SystemI::createSoundInternal             :     exinfo->inclusionlistnum   = 1
[LOG] SystemI::createSoundInternal             :     exinfo->suggestedsoundtype = 5
[LOG] SystemI::createSoundInternal             :     exinfo->initialseekpostype = 1
[LOG] SystemI::createSoundInternal             :     Format has 1 subsounds.
[LOG] SystemI::createSoundInternal             :     Create as FMOD_CREATESAMPLE
[LOG] SystemI::createSoundInternal             :     Multi-sample sound (1 subsounds), create a sample container.
[LOG] SystemI::createSoundInternal             :     creating subsound 0/1
[LOG] SystemI::createSample                    :     mode 0a010202 length 1034309 samples, lengthbytes 241888
[LOG] SystemI::createSample                    :     channels = 2
[LOG] SystemI::createSample                    :     output = 000000002EFDEEE8
[LOG] OutputSoftware::createSample             :     lengthpcm 1034309, lengthbytes 241888, channels 2, format 2, freq 48000, mode 0a01020a
[LOG] SystemI::createSoundInternal             :     done.  OpenState now = FMOD_OPENSTATE_READY.

[LOG] AsyncThread::threadFunc                  : Finished Asynchronous operation on sound 000000002EAA0F48
[LOG] AsyncThread::threadFunc                  : Starting Asynchronous operation on sound 000000002EAA1718
[LOG] SystemI::createSoundInternal             :     filename = Assets/Resources/FMODBanks\Desktop/Master Bank.bank : mode 0a010202
[LOG] SystemI::createSoundInternal             :     exinfo->cbsize             = 216
[LOG] SystemI::createSoundInternal             :     exinfo->length             = 3753408
[LOG] SystemI::createSoundInternal             :     exinfo->fileoffset         = 60096
[LOG] SystemI::createSoundInternal             :     exinfo->numsubsounds       = 1
[LOG] SystemI::createSoundInternal             :     exinfo->inclusionlist      = 000000002EA6D808
[LOG] SystemI::createSoundInternal             :     exinfo->inclusionlistnum   = 1
[LOG] SystemI::createSoundInternal             :     exinfo->suggestedsoundtype = 5
[LOG] SystemI::createSoundInternal             :     exinfo->initialseekpostype = 1
[LOG] SystemI::createSoundInternal             :     Format has 1 subsounds.
[LOG] SystemI::createSoundInternal             :     Create as FMOD_CREATESAMPLE
[LOG] SystemI::createSoundInternal             :     Multi-sample sound (1 subsounds), create a sample container.
[LOG] SystemI::createSoundInternal             :     creating subsound 0/1
[LOG] SystemI::createSample                    :     mode 0a010202 length 14183 samples, lengthbytes 3584
[LOG] SystemI::createSample                    :     channels = 2
[LOG] SystemI::createSample                    :     output = 000000002EFDEEE8
[LOG] OutputSoftware::createSample             :     lengthpcm 14183, lengthbytes 3584, channels 2, format 2, freq 48000, mode 0a01020a
[LOG] SystemI::createSoundInternal             :     done.  OpenState now = FMOD_OPENSTATE_READY.

[LOG] AsyncThread::threadFunc                  : Finished Asynchronous operation on sound 000000002EAA1718
[LOG] AsyncThread::threadFunc                  : Starting Asynchronous operation on sound 000000002EAA1BC8
[LOG] SystemI::createSoundInternal             :     filename = Assets/Resources/FMODBanks\Desktop/Master Bank.bank : mode 0a010202
[LOG] SystemI::createSoundInternal             :     exinfo->cbsize             = 216
[LOG] SystemI::createSoundInternal             :     exinfo->length             = 3753408
[LOG] SystemI::createSoundInternal             :     exinfo->fileoffset         = 60096
[LOG] SystemI::createSoundInternal             :     exinfo->numsubsounds       = 1
[LOG] SystemI::createSoundInternal             :     exinfo->inclusionlist      = 000000002EA6D6C8
[LOG] SystemI::createSoundInternal             :     exinfo->inclusionlistnum   = 1
[LOG] SystemI::createSoundInternal             :     exinfo->suggestedsoundtype = 5
[LOG] SystemI::createSoundInternal             :     exinfo->initialseekpostype = 1
[LOG] SystemI::createSoundInternal             :     Format has 1 subsounds.
[WRN] SoundSourceInstrumentInstance::startChannelIfReady :     Loading delay exceeded, sound may play at incorrect time
[LOG] SystemI::createSoundInternal             :     Create as FMOD_CREATESAMPLE
[WRN] SoundSourceInstrumentInstance::startChannelIfReady :     Loading delay exceeded, sound may play at incorrect time
[LOG] SystemI::createSoundInternal             :     Multi-sample sound (1 subsounds), create a sample container.
[WRN] SoundSourceInstrumentInstance::startChannelIfReady :     Loading delay exceeded, sound may play at incorrect time
[LOG] SystemI::createSoundInternal             :     creating subsound 0/1
[WRN] SoundSourceInstrumentInstance::startChannelIfReady :     Loading delay exceeded, sound may play at incorrect time
[LOG] SystemI::createSample                    :     mode 0a010202 length 23734 samples, lengthbytes 5568
[LOG] SystemI::createSample                    :     channels = 2
ing delay exceeded, sound may play at incorrect time
[LOG] SystemI::createSample                    :     output = 000000002EFDEEE8
[WRN] SoundSourceInstrumentInstance::startChannelIfReady :     Loading delay exceeded, sound may play at incorrect time
[LOG] OutputSoftware::createSample             :     lengthpcm 23734, lengthbytes 5568, channels 2, format 2, freq 48000, mode 0a01020a
[LOG] SystemI::createSoundInternal             :     done.  OpenState now = FMOD_OPENSTATE_READY.

[LOG] AsyncThread::threadFunc                  : Finished Asynchronous operation on sound 000000002EAA1BC8
[LOG] SoundI::release                          : (null) (000000002EAA1BC8)
[LOG] SoundI::release                          : release subsounds. (000000002EAA1BC8)
[LOG] SoundI::release                          :     (null) (000000002EB81248)
[LOG] SoundI::release                          : release codec. (000000002EAA1BC8)
[LOG] SoundI::release                          : (null) (000000002EAA1718)
[LOG] SoundI::release                          : release subsounds. (000000002EAA1718)
[LOG] SoundI::release                          :     (null) (000000002EB80438)
[LOG] SoundI::release                          : release codec. (000000002EAA1718)
[WRN] InstanceFactory::calculateAutomationForProperty : Property 8 of object {1ccf43e5-7688-42e7-a4b8-df4b5230f559} has modulators that are being ignored
[WRN] InstanceFactory::calculateAutomationForProperty : Property 8 of object {f047a3bb-e2e8-4260-b198-33dc0346c7bb} has modulators that are being ignored
[WRN] InstanceFactory::calculateAutomationForProperty : Property 8 of object {c309f485-c940-4c51-9717-923925a7e9c4} has modulators that are being ignored
[WRN] InstanceFactory::calculateAutomationForProperty : Property 8 of object {ec3b017a-5112-4837-a07b-2c8102879c3e} has modulators that are being ignored
[WRN] InstanceFactory::calculateAutomationForProperty : Property 8 of object {b1b47e8c-2318-4648-9235-25c2e824de7c} has modulators that are being ignored
[WRN] InstanceFactory::calculateAutomationForProperty : Property 8 of object {f1d71139-5d3a-4fd0-bb02-9715a2138e2c} has modulators that are being ignored
[WRN] InstanceFactory::calculateAutomationForProperty : Property 8 of object {60135c76-8161-45f5-96b7-07eeed37a9a6} has modulators that are being ignored
[WRN] InstanceFactory::calculateAutomationForProperty : Property 8 of object {1ccf43e5-7688-42e7-a4b8-df4b5230f559} has modulators that are being ignored
[WRN] InstanceFactory::calculateAutomationForProperty : Property 8 of object {f047a3bb-e2e8-4260-b198-33dc0346c7bb} has modulators that are being ignored
[WRN] InstanceFactory::calculateAutomationForProperty : Property 8 of object {c309f485-c940-4c51-9717-923925a7e9c4} has modulators that are being ignored
[WRN] InstanceFactory::calculateAutomationForProperty : Property 8 of object {ec3b017a-5112-4837-a07b-2c8102879c3e} has modulators that are being ignored
[WRN] InstanceFactory::calculateAutomationForProperty : Property 8 of object {b1b47e8c-2318-4648-9235-25c2e824de7c} has modulators that are being ignored
[WRN] InstanceFactory::calculateAutomationForProperty : Property 8 of object {f1d71139-5d3a-4fd0-bb02-9715a2138e2c} has modulators that are being ignored
[WRN] InstanceFactory::calculateAutomationForProperty : Property 8 of object {60135c76-8161-45f5-96b7-07eeed37a9a6} has modulators that are being ignored
[WRN] InstanceFactory::calculateAutomationForProperty : Property 8 of object {1ccf43e5-7688-42e7-a4b8-df4b5230f559} has modulators that are being ignored
[LOG] SystemI::mixerSuspend                    : Suspending output.
[WRN] InstanceFactory::calculateAutomationForProperty : Property 8 of object {f047a3bb-e2e8-4260-b198-33dc0346c7bb} has modulators that are being ignored
[WRN] InstanceFactory::calculateAutomationForProperty : Property 8 of object {c309f485-c940-4c51-9717-923925a7e9c4} has modulators that are being ignored
[WRN] InstanceFactory::calculateAutomationForProperty : Property 8 of object {ec3b017a-5112-4837-a07b-2c8102879c3e} has modulators that are being ignored
[WRN] InstanceFactory::calculateAutomationForProperty : Property 8 of object {b1b47e8c-2318-4648-9235-25c2e824de7c} has modulators that are being ignored
